[12-08-2018 20:40:51] :> subtopic=>accountmanagement;page=>overview;Play_Now_x=>77;Play_Now_y=>12;::1
-------------------------
[12-08-2018 20:40:54] :> subtopic=>latestnews;::1
-------------------------
[12-08-2018 20:40:56] :> id=>3;subtopic=>guild_image;::1
-------------------------
[12-08-2018 20:40:57] :> id=>4;subtopic=>guild_image;::1
-------------------------
[12-08-2018 20:41:24] :> subtopic=>characters;name=>Depre;::1
-------------------------
[12-08-2018 20:41:34] :> subtopic=>newsarchive;::1
-------------------------
[12-08-2018 20:41:42] :> subtopic=>newsarchive;view=>4;::1
-------------------------
[12-08-2018 20:41:53] :> subtopic=>serverinfo;::1
-------------------------
[12-08-2018 20:42:03] :> subtopic=>accountmanagement;action=>donate;::1
-------------------------
[12-08-2018 20:42:25] :> subtopic=>latestnews;::1
-------------------------
[12-08-2018 20:42:27] :> id=>3;subtopic=>guild_image;::1
-------------------------
[12-08-2018 20:42:28] :> id=>4;subtopic=>guild_image;::1
-------------------------
[12-08-2018 20:42:34] :> subtopic=>latestnews;::1
-------------------------
[12-08-2018 20:42:44] :> subtopic=>characters;name=>Chupa Minha Rola;::1
-------------------------
[12-08-2018 20:43:11] :> subtopic=>accountmanagement;page=>overview;Play_Now_x=>84;Play_Now_y=>27;::1
-------------------------
[12-08-2018 20:43:32] :> subtopic=>accountmanagement;login=>ok;account_login=>god;password_login=>123456;page=>overview;g-recaptcha-response=>03AHqfIOlJ50JfMDqMRJ-J9edujJVyuRD9oJ9JXYOBaGRF4SMlPBKfS3nKVnteaUAXwJeFWzn1iAOcnd8V-CPLIxIlh0YWxTQ31tnoj85Q3Jb2yVF7mGSrHXPF2pzDXVYwnJVm2fDTmCgI4HdIL-WQ1UhJO43ZH0d6Wb7i-Na0MuNaOxLKM6U4Xhla7ATBoC7u6gS3-4ymaOJto5XFlGNa8meUUMzBDklcSuH6yS5Yk-RlcSfwXH3t6q98SHzqkfduYafe9CP3jjzT1Ro9lOWIqXS3UFfmhNyQlw;::1
-------------------------
[12-08-2018 20:46:02] :> subtopic=>accountmanagement;login=>ok;account_login=>god;password_login=>123456;page=>overview;g-recaptcha-response=>03AHqfIOlJ50JfMDqMRJ-J9edujJVyuRD9oJ9JXYOBaGRF4SMlPBKfS3nKVnteaUAXwJeFWzn1iAOcnd8V-CPLIxIlh0YWxTQ31tnoj85Q3Jb2yVF7mGSrHXPF2pzDXVYwnJVm2fDTmCgI4HdIL-WQ1UhJO43ZH0d6Wb7i-Na0MuNaOxLKM6U4Xhla7ATBoC7u6gS3-4ymaOJto5XFlGNa8meUUMzBDklcSuH6yS5Yk-RlcSfwXH3t6q98SHzqkfduYafe9CP3jjzT1Ro9lOWIqXS3UFfmhNyQlw;::1
[12-08-2018 20:46:11] :> subtopic=>accountmanagement;login=>ok;account_login=>god;password_login=>123456;page=>overview;g-recaptcha-response=>03AHqfIOlJ50JfMDqMRJ-J9edujJVyuRD9oJ9JXYOBaGRF4SMlPBKfS3nKVnteaUAXwJeFWzn1iAOcnd8V-CPLIxIlh0YWxTQ31tnoj85Q3Jb2yVF7mGSrHXPF2pzDXVYwnJVm2fDTmCgI4HdIL-WQ1UhJO43ZH0d6Wb7i-Na0MuNaOxLKM6U4Xhla7ATBoC7u6gS3-4ymaOJto5XFlGNa8meUUMzBDklcSuH6yS5Yk-RlcSfwXH3t6q98SHzqkfduYafe9CP3jjzT1Ro9lOWIqXS3UFfmhNyQlw;::1
[12-08-2018 20:46:47] :> subtopic=>accountmanagement;page=>overview;Play_Now_x=>100;Play_Now_y=>21;::1
